This is pdfTeX, Version 3.141592653-2.6-1.40.25 (TeX Live 2023) (preloaded format=pdflatex 2024.1.14)  11 FEB 2024 18:52
entering extended mode
 restricted \write18 enabled.
 file:line:error style messages enabled.
 %&-line parsing enabled.
**/home/seph/source/shu-et-al-replication-paper/report/final_report.tex
(/home/seph/source/shu-et-al-replication-paper/report/final_report.tex
LaTeX2e <2023-11-01>
L3 programming layer <2024-01-04>
(/usr/local/texlive/2023/texmf-dist/tex/latex/base/article.cls
Document Class: article 2023/05/17 v1.4n Standard LaTeX document class
(/usr/local/texlive/2023/texmf-dist/tex/latex/base/size10.clo
File: size10.clo 2023/05/17 v1.4n Standard LaTeX file (size option)
)
\c@part=\count187
\c@section=\count188
\c@subsection=\count189
\c@subsubsection=\count190
\c@paragraph=\count191
\c@subparagraph=\count192
\c@figure=\count193
\c@table=\count194
\abovecaptionskip=\skip48
\belowcaptionskip=\skip49
\bibindent=\dimen140
) (/usr/local/texlive/2023/texmf-dist/tex/latex/geometry/geometry.sty
Package: geometry 2020/01/02 v5.9 Page Geometry
 (/usr/local/texlive/2023/texmf-dist/tex/latex/graphics/keyval.sty
Package: keyval 2022/05/29 v1.15 key=value parser (DPC)
\KV@toks@=\toks17
) (/usr/local/texlive/2023/texmf-dist/tex/generic/iftex/ifvtex.sty
Package: ifvtex 2019/10/25 v1.7 ifvtex legacy package. Use iftex instead.
 (/usr/local/texlive/2023/texmf-dist/tex/generic/iftex/iftex.sty
Package: iftex 2022/02/03 v1.0f TeX engine tests
))
\Gm@cnth=\count195
\Gm@cntv=\count196
\c@Gm@tempcnt=\count197
\Gm@bindingoffset=\dimen141
\Gm@wd@mp=\dimen142
\Gm@odd@mp=\dimen143
\Gm@even@mp=\dimen144
\Gm@layoutwidth=\dimen145
\Gm@layoutheight=\dimen146
\Gm@layouthoffset=\dimen147
\Gm@layoutvoffset=\dimen148
\Gm@dimlist=\toks18
) (/usr/local/texlive/2023/texmf-dist/tex/latex/amsmath/amsmath.sty
Package: amsmath 2023/05/13 v2.17o AMS math features
\@mathmargin=\skip50

For additional information on amsmath, use the `?' option.
(/usr/local/texlive/2023/texmf-dist/tex/latex/amsmath/amstext.sty
Package: amstext 2021/08/26 v2.01 AMS text
 (/usr/local/texlive/2023/texmf-dist/tex/latex/amsmath/amsgen.sty
File: amsgen.sty 1999/11/30 v2.0 generic functions
\@emptytoks=\toks19
\ex@=\dimen149
)) (/usr/local/texlive/2023/texmf-dist/tex/latex/amsmath/amsbsy.sty
Package: amsbsy 1999/11/29 v1.2d Bold Symbols
\pmbraise@=\dimen150
) (/usr/local/texlive/2023/texmf-dist/tex/latex/amsmath/amsopn.sty
Package: amsopn 2022/04/08 v2.04 operator names
)
\inf@bad=\count198
LaTeX Info: Redefining \frac on input line 234.
\uproot@=\count199
\leftroot@=\count266
LaTeX Info: Redefining \overline on input line 399.
LaTeX Info: Redefining \colon on input line 410.
\classnum@=\count267
\DOTSCASE@=\count268
LaTeX Info: Redefining \ldots on input line 496.
LaTeX Info: Redefining \dots on input line 499.
LaTeX Info: Redefining \cdots on input line 620.
\Mathstrutbox@=\box51
\strutbox@=\box52
LaTeX Info: Redefining \big on input line 722.
LaTeX Info: Redefining \Big on input line 723.
LaTeX Info: Redefining \bigg on input line 724.
LaTeX Info: Redefining \Bigg on input line 725.
\big@size=\dimen151
LaTeX Font Info:    Redeclaring font encoding OML on input line 743.
LaTeX Font Info:    Redeclaring font encoding OMS on input line 744.
\macc@depth=\count269
LaTeX Info: Redefining \bmod on input line 905.
LaTeX Info: Redefining \pmod on input line 910.
LaTeX Info: Redefining \smash on input line 940.
LaTeX Info: Redefining \relbar on input line 970.
LaTeX Info: Redefining \Relbar on input line 971.
\c@MaxMatrixCols=\count270
\dotsspace@=\muskip16
\c@parentequation=\count271
\dspbrk@lvl=\count272
\tag@help=\toks20
\row@=\count273
\column@=\count274
\maxfields@=\count275
\andhelp@=\toks21
\eqnshift@=\dimen152
\alignsep@=\dimen153
\tagshift@=\dimen154
\tagwidth@=\dimen155
\totwidth@=\dimen156
\lineht@=\dimen157
\@envbody=\toks22
\multlinegap=\skip51
\multlinetaggap=\skip52
\mathdisplay@stack=\toks23
LaTeX Info: Redefining \[ on input line 2953.
LaTeX Info: Redefining \] on input line 2954.
) (/usr/local/texlive/2023/texmf-dist/tex/latex/amsfonts/amssymb.sty
Package: amssymb 2013/01/14 v3.01 AMS font symbols
 (/usr/local/texlive/2023/texmf-dist/tex/latex/amsfonts/amsfonts.sty
Package: amsfonts 2013/01/14 v3.01 Basic AMSFonts support
\symAMSa=\mathgroup4
\symAMSb=\mathgroup5
LaTeX Font Info:    Redeclaring math symbol \hbar on input line 98.
LaTeX Font Info:    Overwriting math alphabet `\mathfrak' in version `bold'
(Font)                  U/euf/m/n --> U/euf/b/n on input line 106.
)) (/usr/local/texlive/2023/texmf-dist/tex/latex/changepage/changepage.sty
Package: changepage 2009/10/20 v1.0c check page and change page layout
\c@cp@cntr=\count276
\cp@tempcnt=\count277
) (/usr/local/texlive/2023/texmf-dist/tex/latex/base/textcomp.sty
Package: textcomp 2020/02/02 v2.0n Standard LaTeX package
) (/usr/local/texlive/2023/texmf-dist/tex/latex/marvosym/marvosym.sty
Package: marvosym 2011/07/20 v2.2 Martin Vogel's Symbols font definitions
) (/usr/local/texlive/2023/texmf-dist/tex/latex/cite/cite.sty
LaTeX Info: Redefining \cite on input line 302.
LaTeX Info: Redefining \nocite on input line 332.
Package: cite 2015/02/27  v 5.5
) (/usr/local/texlive/2023/texmf-dist/tex/latex/hyperref/nameref.sty
Package: nameref 2023-11-26 v2.56 Cross-referencing by name of section
 (/usr/local/texlive/2023/texmf-dist/tex/latex/refcount/refcount.sty
Package: refcount 2019/12/15 v3.6 Data extraction from label references (HO)
 (/usr/local/texlive/2023/texmf-dist/tex/generic/ltxcmds/ltxcmds.sty
Package: ltxcmds 2023-12-04 v1.26 LaTeX kernel commands for general use (HO)
) (/usr/local/texlive/2023/texmf-dist/tex/generic/infwarerr/infwarerr.sty
Package: infwarerr 2019/12/03 v1.5 Providing info/warning/error messages (HO)
)) (/usr/local/texlive/2023/texmf-dist/tex/generic/gettitlestring/gettitlestring.sty
Package: gettitlestring 2019/12/15 v1.6 Cleanup title references (HO)
 (/usr/local/texlive/2023/texmf-dist/tex/latex/kvoptions/kvoptions.sty
Package: kvoptions 2022-06-15 v3.15 Key value format for package options (HO)
 (/usr/local/texlive/2023/texmf-dist/tex/latex/kvsetkeys/kvsetkeys.sty
Package: kvsetkeys 2022-10-05 v1.19 Key value parser (HO)
)))
\c@section@level=\count278
) (/usr/local/texlive/2023/texmf-dist/tex/latex/hyperref/hyperref.sty
Package: hyperref 2023-11-26 v7.01g Hypertext links for LaTeX
 (/usr/local/texlive/2023/texmf-dist/tex/generic/kvdefinekeys/kvdefinekeys.sty
Package: kvdefinekeys 2019-12-19 v1.6 Define keys (HO)
) (/usr/local/texlive/2023/texmf-dist/tex/generic/pdfescape/pdfescape.sty
Package: pdfescape 2019/12/09 v1.15 Implements pdfTeX's escape features (HO)
 (/usr/local/texlive/2023/texmf-dist/tex/generic/pdftexcmds/pdftexcmds.sty
Package: pdftexcmds 2020-06-27 v0.33 Utility functions of pdfTeX for LuaTeX (HO)
Package pdftexcmds Info: \pdf@primitive is available.
Package pdftexcmds Info: \pdf@ifprimitive is available.
Package pdftexcmds Info: \pdfdraftmode found.
)) (/usr/local/texlive/2023/texmf-dist/tex/latex/hycolor/hycolor.sty
Package: hycolor 2020-01-27 v1.10 Color options for hyperref/bookmark (HO)
) (/usr/local/texlive/2023/texmf-dist/tex/latex/letltxmacro/letltxmacro.sty
Package: letltxmacro 2019/12/03 v1.6 Let assignment for LaTeX macros (HO)
) (/usr/local/texlive/2023/texmf-dist/tex/latex/auxhook/auxhook.sty
Package: auxhook 2019-12-17 v1.6 Hooks for auxiliary files (HO)
) (/usr/local/texlive/2023/texmf-dist/tex/latex/etoolbox/etoolbox.sty
Package: etoolbox 2020/10/05 v2.5k e-TeX tools for LaTeX (JAW)
\etb@tempcnta=\count279
)
\@linkdim=\dimen158
\Hy@linkcounter=\count280
\Hy@pagecounter=\count281
 (/usr/local/texlive/2023/texmf-dist/tex/latex/hyperref/pd1enc.def
File: pd1enc.def 2023-11-26 v7.01g Hyperref: PDFDocEncoding definition (HO)
Now handling font encoding PD1 ...
... no UTF-8 mapping file for font encoding PD1
) (/usr/local/texlive/2023/texmf-dist/tex/generic/intcalc/intcalc.sty
Package: intcalc 2019/12/15 v1.3 Expandable calculations with integers (HO)
)
\Hy@SavedSpaceFactor=\count282
 (/usr/local/texlive/2023/texmf-dist/tex/latex/hyperref/puenc.def
File: puenc.def 2023-11-26 v7.01g Hyperref: PDF Unicode definition (HO)
Now handling font encoding PU ...
... no UTF-8 mapping file for font encoding PU
)
Package hyperref Info: Hyper figures OFF on input line 4181.
Package hyperref Info: Link nesting OFF on input line 4186.
Package hyperref Info: Hyper index ON on input line 4189.
Package hyperref Info: Plain pages OFF on input line 4196.
Package hyperref Info: Backreferencing OFF on input line 4201.
Package hyperref Info: Implicit mode ON; LaTeX internals redefined.
Package hyperref Info: Bookmarks ON on input line 4448.
\c@Hy@tempcnt=\count283
 (/usr/local/texlive/2023/texmf-dist/tex/latex/url/url.sty
\Urlmuskip=\muskip17
Package: url 2013/09/16  ver 3.4  Verb mode for urls, etc.
)
LaTeX Info: Redefining \url on input line 4786.
\XeTeXLinkMargin=\dimen159
 (/usr/local/texlive/2023/texmf-dist/tex/generic/bitset/bitset.sty
Package: bitset 2019/12/09 v1.3 Handle bit-vector datatype (HO)
 (/usr/local/texlive/2023/texmf-dist/tex/generic/bigintcalc/bigintcalc.sty
Package: bigintcalc 2019/12/15 v1.5 Expandable calculations on big integers (HO)
))
\Fld@menulength=\count284
\Field@Width=\dimen160
\Fld@charsize=\dimen161
Package hyperref Info: Hyper figures OFF on input line 6065.
Package hyperref Info: Link nesting OFF on input line 6070.
Package hyperref Info: Hyper index ON on input line 6073.
Package hyperref Info: backreferencing OFF on input line 6080.
Package hyperref Info: Link coloring OFF on input line 6085.
Package hyperref Info: Link coloring with OCG OFF on input line 6090.
Package hyperref Info: PDF/A mode OFF on input line 6095.
 (/usr/local/texlive/2023/texmf-dist/tex/latex/base/atbegshi-ltx.sty
Package: atbegshi-ltx 2021/01/10 v1.0c Emulation of the original atbegshi
package with kernel methods
)
\Hy@abspage=\count285
\c@Item=\count286
\c@Hfootnote=\count287
)
Package hyperref Info: Driver (autodetected): hpdftex.
 (/usr/local/texlive/2023/texmf-dist/tex/latex/hyperref/hpdftex.def
File: hpdftex.def 2023-11-26 v7.01g Hyperref driver for pdfTeX
 (/usr/local/texlive/2023/texmf-dist/tex/latex/base/atveryend-ltx.sty
Package: atveryend-ltx 2020/08/19 v1.0a Emulation of the original atveryend package
with kernel methods
)
\Fld@listcount=\count288
\c@bookmark@seq@number=\count289
 (/usr/local/texlive/2023/texmf-dist/tex/latex/rerunfilecheck/rerunfilecheck.sty
Package: rerunfilecheck 2022-07-10 v1.10 Rerun checks for auxiliary files (HO)
 (/usr/local/texlive/2023/texmf-dist/tex/generic/uniquecounter/uniquecounter.sty
Package: uniquecounter 2019/12/15 v1.4 Provide unlimited unique counter (HO)
)
Package uniquecounter Info: New unique counter `rerunfilecheck' on input line 285.
)
\Hy@SectionHShift=\skip53
) (/usr/local/texlive/2023/texmf-dist/tex/latex/lineno/lineno.sty
Package: lineno 2023/05/20 line numbers on paragraphs v5.3
\linenopenalty=\count290
\output=\toks24
\linenoprevgraf=\count291
\linenumbersep=\dimen162
\linenumberwidth=\dimen163
\c@linenumber=\count292
\c@pagewiselinenumber=\count293
\c@LN@truepage=\count294
\c@internallinenumber=\count295
\c@internallinenumbers=\count296
\quotelinenumbersep=\dimen164
\bframerule=\dimen165
\bframesep=\dimen166
\bframebox=\box53
\linenoamsmath@ams@eqpen=\count297
LaTeX Info: Redefining \\ on input line 3180.
) (/usr/local/texlive/2023/texmf-dist/tex/latex/microtype/microtype.sty
Package: microtype 2023/03/13 v3.1a Micro-typographical refinements (RS)
\MT@toks=\toks25
\MT@tempbox=\box54
\MT@count=\count298
LaTeX Info: Redefining \noprotrusionifhmode on input line 1059.
LaTeX Info: Redefining \leftprotrusion on input line 1060.
\MT@prot@toks=\toks26
LaTeX Info: Redefining \rightprotrusion on input line 1078.
LaTeX Info: Redefining \textls on input line 1368.
\MT@outer@kern=\dimen167
LaTeX Info: Redefining \textmicrotypecontext on input line 1988.
\MT@listname@count=\count299
 (/usr/local/texlive/2023/texmf-dist/tex/latex/microtype/microtype-pdftex.def
File: microtype-pdftex.def 2023/03/13 v3.1a Definitions specific to pdftex (RS)
LaTeX Info: Redefining \lsstyle on input line 902.
LaTeX Info: Redefining \lslig on input line 902.
\MT@outer@space=\skip54
)
Package microtype Info: Loading configuration file microtype.cfg.
 (/usr/local/texlive/2023/texmf-dist/tex/latex/microtype/microtype.cfg
File: microtype.cfg 2023/03/13 v3.1a microtype main configuration file (RS)
)) (/usr/local/texlive/2023/texmf-dist/tex/latex/xcolor/xcolor.sty
Package: xcolor 2023/11/15 v3.01 LaTeX color extensions (UK)
 (/usr/local/texlive/2023/texmf-dist/tex/latex/graphics-cfg/color.cfg
File: color.cfg 2016/01/02 v1.6 sample color configuration
)
Package xcolor Info: Driver file: pdftex.def on input line 274.
 (/usr/local/texlive/2023/texmf-dist/tex/latex/graphics-def/pdftex.def
File: pdftex.def 2022/09/22 v1.2b Graphics/color driver for pdftex
) (/usr/local/texlive/2023/texmf-dist/tex/latex/graphics/mathcolor.ltx)
Package xcolor Info: Model `cmy' substituted by `cmy0' on input line 1350.
Package xcolor Info: Model `hsb' substituted by `rgb' on input line 1354.
Package xcolor Info: Model `RGB' extended on input line 1366.
Package xcolor Info: Model `HTML' substituted by `rgb' on input line 1368.
Package xcolor Info: Model `Hsb' substituted by `hsb' on input line 1369.
Package xcolor Info: Model `tHsb' substituted by `hsb' on input line 1370.
Package xcolor Info: Model `HSB' substituted by `hsb' on input line 1371.
Package xcolor Info: Model `Gray' substituted by `gray' on input line 1372.
Package xcolor Info: Model `wave' substituted by `hsb' on input line 1373.
) (/usr/local/texlive/2023/texmf-dist/tex/latex/colortbl/colortbl.sty
Package: colortbl 2022/06/20 v1.0f Color table columns (DPC)
 (/usr/local/texlive/2023/texmf-dist/tex/latex/tools/array.sty
Package: array 2023/10/16 v2.5g Tabular extension package (FMi)
\col@sep=\dimen168
\ar@mcellbox=\box55
\extrarowheight=\dimen169
\NC@list=\toks27
\extratabsurround=\skip55
\backup@length=\skip56
\ar@cellbox=\box56
)
\everycr=\toks28
\minrowclearance=\skip57
\rownum=\count300
) (/usr/local/texlive/2023/texmf-dist/tex/generic/ulem/ulem.sty
\UL@box=\box57
\UL@hyphenbox=\box58
\UL@skip=\skip58
\UL@hook=\toks29
\UL@height=\dimen170
\UL@pe=\count301
\UL@pixel=\dimen171
\ULC@box=\box59
Package: ulem 2019/11/18
\ULdepth=\dimen172
) (/usr/local/texlive/2023/texmf-dist/tex/latex/tools/xspace.sty
Package: xspace 2014/10/28 v1.13 Space after command names (DPC,MH)
) (/usr/local/texlive/2023/texmf-dist/tex/latex/enumitem/enumitem.sty
Package: enumitem 2019/06/20 v3.9 Customized lists
\labelindent=\skip59
\enit@outerparindent=\dimen173
\enit@toks=\toks30
\enit@inbox=\box60
\enit@count@id=\count302
\enitdp@description=\count303
) (/usr/local/texlive/2023/texmf-dist/tex/latex/adjustbox/adjustbox.sty
Package: adjustbox 2022/10/17 v1.3a Adjusting TeX boxes (trim, clip, ...)
 (/usr/local/texlive/2023/texmf-dist/tex/latex/xkeyval/xkeyval.sty
Package: xkeyval 2022/06/16 v2.9 package option processing (HA)
 (/usr/local/texlive/2023/texmf-dist/tex/generic/xkeyval/xkeyval.tex (/usr/local/texlive/2023/texmf-dist/tex/generic/xkeyval/xkvutils.tex
\XKV@toks=\toks31
\XKV@tempa@toks=\toks32
)
\XKV@depth=\count304
File: xkeyval.tex 2014/12/03 v2.7a key=value parser (HA)
)) (/usr/local/texlive/2023/texmf-dist/tex/latex/adjustbox/adjcalc.sty
Package: adjcalc 2012/05/16 v1.1 Provides advanced setlength with multiple back-ends (calc, etex, pgfmath)
) (/usr/local/texlive/2023/texmf-dist/tex/latex/adjustbox/trimclip.sty
Package: trimclip 2020/08/19 v1.2 Trim and clip general TeX material
 (/usr/local/texlive/2023/texmf-dist/tex/latex/graphics/graphicx.sty
Package: graphicx 2021/09/16 v1.2d Enhanced LaTeX Graphics (DPC,SPQR)
 (/usr/local/texlive/2023/texmf-dist/tex/latex/graphics/graphics.sty
Package: graphics 2022/03/10 v1.4e Standard LaTeX Graphics (DPC,SPQR)
 (/usr/local/texlive/2023/texmf-dist/tex/latex/graphics/trig.sty
Package: trig 2021/08/11 v1.11 sin cos tan (DPC)
) (/usr/local/texlive/2023/texmf-dist/tex/latex/graphics-cfg/graphics.cfg
File: graphics.cfg 2016/06/04 v1.11 sample graphics configuration
)
Package graphics Info: Driver file: pdftex.def on input line 107.
)
\Gin@req@height=\dimen174
\Gin@req@width=\dimen175
) (/usr/local/texlive/2023/texmf-dist/tex/latex/collectbox/collectbox.sty
Package: collectbox 2022/10/17 v0.4c Collect macro arguments as boxes
\collectedbox=\box61
)
\tc@llx=\dimen176
\tc@lly=\dimen177
\tc@urx=\dimen178
\tc@ury=\dimen179
Package trimclip Info: Using driver 'tc-pdftex.def'.
 (/usr/local/texlive/2023/texmf-dist/tex/latex/adjustbox/tc-pdftex.def
File: tc-pdftex.def 2019/01/04 v2.2 Clipping driver for pdftex
))
\adjbox@Width=\dimen180
\adjbox@Height=\dimen181
\adjbox@Depth=\dimen182
\adjbox@Totalheight=\dimen183
\adjbox@pwidth=\dimen184
\adjbox@pheight=\dimen185
\adjbox@pdepth=\dimen186
\adjbox@ptotalheight=\dimen187
 (/usr/local/texlive/2023/texmf-dist/tex/latex/ifoddpage/ifoddpage.sty
Package: ifoddpage 2022/10/18 v1.2 Conditionals for odd/even page detection
\c@checkoddpage=\count305
LaTeX Info: Redefining \checkoddpage on input line 45.
) (/usr/local/texlive/2023/texmf-dist/tex/latex/varwidth/varwidth.sty
Package: varwidth 2009/03/30 ver 0.92;  Variable-width minipages
\@vwid@box=\box62
\sift@deathcycles=\count306
\@vwid@loff=\dimen188
\@vwid@roff=\dimen189
)) (/usr/local/texlive/2023/texmf-dist/tex/latex/subfig/subfig.sty
Package: subfig 2005/06/28 ver: 1.3 subfig package
 (/usr/local/texlive/2023/texmf-dist/tex/latex/caption/caption.sty
Package: caption 2023/08/05 v3.6o Customizing captions (AR)
 (/usr/local/texlive/2023/texmf-dist/tex/latex/caption/caption3.sty
Package: caption3 2023/07/31 v2.4d caption3 kernel (AR)
\caption@tempdima=\dimen190
\captionmargin=\dimen191
\caption@leftmargin=\dimen192
\caption@rightmargin=\dimen193
\caption@width=\dimen194
\caption@indent=\dimen195
\caption@parindent=\dimen196
\caption@hangindent=\dimen197
Package caption Info: Standard document class detected.
)
\c@caption@flags=\count307
\c@continuedfloat=\count308
Package caption Info: changepage package is loaded.
\caption@adjustwidth@hsize=\dimen198
\caption@adjustwidth@linewidth=\dimen199
Package caption Info: hyperref package is loaded.
)
\c@KVtest=\count309
\sf@farskip=\skip60
\sf@captopadj=\dimen256
\sf@capskip=\skip61
\sf@nearskip=\skip62
\c@subfigure=\count310
\c@subfigure@save=\count311
\c@lofdepth=\count312
\c@subtable=\count313
\c@subtable@save=\count314
\c@lotdepth=\count315
\sf@top=\skip63
\sf@bottom=\skip64
) (/usr/local/texlive/2023/texmf-dist/tex/latex/xltabular/xltabular.sty
Package: xltabular 2020/11/04 v0.2e `xltabular' package (hv,RN)
 (/usr/local/texlive/2023/texmf-dist/tex/latex/tools/tabularx.sty
Package: tabularx 2023/07/08 v2.11c `tabularx' package (DPC)
\TX@col@width=\dimen257
\TX@old@table=\dimen258
\TX@old@col=\dimen259
\TX@target=\dimen260
\TX@delta=\dimen261
\TX@cols=\count316
\TX@ftn=\toks33
) (/usr/local/texlive/2023/texmf-dist/tex/latex/ltablex/ltablex.sty
Package: ltablex 2014/08/13 v1.1 Modified tabularx
 (/usr/local/texlive/2023/texmf-dist/tex/latex/tools/longtable.sty
Package: longtable 2023-11-01 v4.19 Multi-page Table package (DPC)
\LTleft=\skip65
\LTright=\skip66
\LTpre=\skip67
\LTpost=\skip68
\LTchunksize=\count317
\LTcapwidth=\dimen262
\LT@head=\box63
\LT@firsthead=\box64
\LT@foot=\box65
\LT@lastfoot=\box66
\LT@gbox=\box67
\LT@cols=\count318
\LT@rows=\count319
\c@LT@tables=\count320
\c@LT@chunks=\count321
\LT@p@ftn=\toks34
))) (/usr/local/texlive/2023/texmf-dist/tex/latex/booktabs/booktabs.sty
Package: booktabs 2020/01/12 v1.61803398 Publication quality tables
\heavyrulewidth=\dimen263
\lightrulewidth=\dimen264
\cmidrulewidth=\dimen265
\belowrulesep=\dimen266
\belowbottomsep=\dimen267
\aboverulesep=\dimen268
\abovetopsep=\dimen269
\cmidrulesep=\dimen270
\cmidrulekern=\dimen271
\defaultaddspace=\dimen272
\@cmidla=\count322
\@cmidlb=\count323
\@aboverulesep=\dimen273
\@belowrulesep=\dimen274
\@thisruleclass=\count324
\@lastruleclass=\count325
\@thisrulewidth=\dimen275
) (/usr/local/texlive/2023/texmf-dist/tex/latex/multirow/multirow.sty
Package: multirow 2021/03/15 v2.8 Span multiple rows of a table
\multirow@colwidth=\skip69
\multirow@cntb=\count326
\multirow@dima=\skip70
\bigstrutjot=\dimen276
) (/usr/local/texlive/2023/texmf-dist/tex/latex/tabularray/tabularray.sty (/usr/local/texlive/2023/texmf-dist/tex/latex/l3kernel/expl3.sty
Package: expl3 2024-01-04 L3 programming layer (loader) 
 (/usr/local/texlive/2023/texmf-dist/tex/latex/l3backend/l3backend-pdftex.def
File: l3backend-pdftex.def 2024-01-04 L3 backend support: PDF output (pdfTeX)
\l__color_backend_stack_int=\count327
\l__pdf_internal_box=\box68
))
Package: tabularray 2023-03-01 v2023A Typeset tabulars and arrays with LaTeX3
\l__tblr_a_int=\count328
\l__tblr_c_int=\count329
\l__tblr_r_int=\count330
\l__tblr_d_dim=\dimen277
\l__tblr_h_dim=\dimen278
\l__tblr_o_dim=\dimen279
\l__tblr_p_dim=\dimen280
\l__tblr_q_dim=\dimen281
\l__tblr_r_dim=\dimen282
\l__tblr_s_dim=\dimen283
\l__tblr_t_dim=\dimen284
\l__tblr_v_dim=\dimen285
\l__tblr_w_dim=\dimen286
\l__tblr_a_box=\box69
\l__tblr_b_box=\box70
\l__tblr_c_box=\box71
\l__tblr_d_box=\box72
\g__tblr_table_count_int=\count331
\c@colnum=\count332
\c@rowcount=\count333
\c@colcount=\count334
\abovesep=\dimen287
\belowsep=\dimen288
\leftsep=\dimen289
\rightsep=\dimen290
\g_tblr_level_int=\count335
\g__tblr_data_row_key_count_int=\count336
\g__tblr_data_column_key_count_int=\count337
\g__tblr_data_cell_key_count_int=\count338
\g__tblr_array_int=\count339
\l__tblr_key_count_int=\count340
\l__tblr_key_quotient_int=\count341
\l__tblr_key_quotient_two_int=\count342
\l__tblr_key_remainder_int=\count343
\g__tblr_data_str_value_count_int=\count344
\rulewidth=\dimen291
\l__tblr_strut_dp_dim=\dimen292
\l__tblr_strut_ht_dim=\dimen293
\g__tblr_cell_wd_dim=\dimen294
\g__tblr_cell_ht_dim=\dimen295
\g__tblr_cell_head_dim=\dimen296
\g__tblr_cell_foot_dim=\dimen297
\l__column_target_dim=\dimen298
\l__tblr_caption_box=\box73
\l__tblr_caption_left_box=\box74
\l__tblr_row_head_box=\box75
\l__tblr_row_foot_box=\box76
\l__tblr_row_head_foot_dim=\dimen299
\tablewidth=\dimen300
\l__tblr_table_firsthead_box=\box77
\l__tblr_table_middlehead_box=\box78
\l__tblr_table_lasthead_box=\box79
\l__tblr_table_firstfoot_box=\box80
\l__tblr_table_middlefoot_box=\box81
\l__tblr_table_lastfoot_box=\box82
\l__tblr_remain_height_dim=\dimen301
\l__tblr_long_from_int=\count345
\l__tblr_long_to_int=\count346
\l__tblr_curr_i_int=\count347
\l__tblr_prev_i_int=\count348
\l__tblr_table_page_int=\count349
\l__tblr_table_head_box=\box83
\l__tblr_table_foot_box=\box84
\l__tblr_table_head_foot_dim=\dimen302
\l__tblr_table_head_body_foot_dim=\dimen303
\l__tblr_table_box=\box85
\l__tblr_table_hlines_box=\box86
\l__tblr_hline_box=\box87
\l__tblr_row_box=\box88
\l__tblr_col_o_wd_dim=\dimen304
\l__tblr_col_b_wd_dim=\dimen305
\l__tblr_hline_leftskip_dim=\dimen306
\l__tblr_hline_rightskip_dim=\dimen307
\l__tblr_row_ht_dim=\dimen308
\l__tblr_row_dp_dim=\dimen309
\l__tblr_row_abovesep_dim=\dimen310
\l__tblr_row_belowsep_dim=\dimen311
\l__tblr_row_vlines_box=\box89
\l__tblr_vline_box=\box90
\l__tblr_cell_box=\box91
\l__row_upper_dim=\dimen312
\l__row_lower_dim=\dimen313
\l__row_vpace_dim=\dimen314
\l__tblr_vline_aboveskip_dim=\dimen315
\l__tblr_vline_belowskip_dim=\dimen316
\l__tblr_cell_wd_dim=\dimen317
\l__tblr_cell_ht_dim=\dimen318
\l__tblr_diag_box=\box92
) (/usr/local/texlive/2023/texmf-dist/tex/latex/siunitx/siunitx.sty
Package: siunitx 2023-11-14 v3.3.9 A comprehensive (SI) units package
\l__siunitx_number_uncert_offset_int=\count350
\l__siunitx_number_exponent_fixed_int=\count351
\l__siunitx_number_min_decimal_int=\count352
\l__siunitx_number_min_integer_int=\count353
\l__siunitx_number_round_precision_int=\count354
\l__siunitx_number_lower_threshold_int=\count355
\l__siunitx_number_upper_threshold_int=\count356
\l__siunitx_number_group_first_int=\count357
\l__siunitx_number_group_size_int=\count358
\l__siunitx_number_group_minimum_int=\count359
\l__siunitx_angle_tmp_dim=\dimen319
\l__siunitx_angle_marker_box=\box93
\l__siunitx_angle_unit_box=\box94
\l__siunitx_compound_count_int=\count360
 (/usr/local/texlive/2023/texmf-dist/tex/latex/translations/translations.sty
Package: translations 2022/02/05 v1.12 internationalization of LaTeX2e packages (CN)
)
\l__siunitx_table_tmp_box=\box95
\l__siunitx_table_tmp_dim=\dimen320
\l__siunitx_table_column_width_dim=\dimen321
\l__siunitx_table_integer_box=\box96
\l__siunitx_table_decimal_box=\box97
\l__siunitx_table_uncert_box=\box98
\l__siunitx_table_before_box=\box99
\l__siunitx_table_after_box=\box100
\l__siunitx_table_before_dim=\dimen322
\l__siunitx_table_carry_dim=\dimen323
\l__siunitx_unit_tmp_int=\count361
\l__siunitx_unit_position_int=\count362
\l__siunitx_unit_total_int=\count363
) (/usr/local/texlive/2023/texmf-dist/tex/latex/csvsimple/csvsimple.sty (/usr/local/texlive/2023/texmf-dist/tex/latex/l3packages/l3keys2e/l3keys2e.sty
Package: l3keys2e 2023-10-10 LaTeX2e option processing using LaTeX3 keys
)
Package: csvsimple 2023/10/16 v2.5.0 LaTeX CSV file processing
) (/usr/local/texlive/2023/texmf-dist/tex/latex/csvsimple/csvsimple-legacy.sty
Package: csvsimple-legacy 2023/10/16 version 2.5.0 LaTeX2e CSV file processing
 (/usr/local/texlive/2023/texmf-dist/tex/latex/pgf/utilities/pgfrcs.sty (/usr/local/texlive/2023/texmf-dist/tex/generic/pgf/utilities/pgfutil-common.tex
\pgfutil@everybye=\toks35
\pgfutil@tempdima=\dimen324
\pgfutil@tempdimb=\dimen325
) (/usr/local/texlive/2023/texmf-dist/tex/generic/pgf/utilities/pgfutil-latex.def
\pgfutil@abb=\box101
) (/usr/local/texlive/2023/texmf-dist/tex/generic/pgf/utilities/pgfrcs.code.tex (/usr/local/texlive/2023/texmf-dist/tex/generic/pgf/pgf.revision.tex)
Package: pgfrcs 2023-01-15 v3.1.10 (3.1.10)
)) (/usr/local/texlive/2023/texmf-dist/tex/latex/pgf/utilities/pgfkeys.sty (/usr/local/texlive/2023/texmf-dist/tex/generic/pgf/utilities/pgfkeys.code.tex
\pgfkeys@pathtoks=\toks36
\pgfkeys@temptoks=\toks37
 (/usr/local/texlive/2023/texmf-dist/tex/generic/pgf/utilities/pgfkeyslibraryfiltered.code.tex
\pgfkeys@tmptoks=\toks38
))) (/usr/local/texlive/2023/texmf-dist/tex/latex/base/ifthen.sty
Package: ifthen 2022/04/13 v1.1d Standard LaTeX ifthen package (DPC)
) (/usr/local/texlive/2023/texmf-dist/tex/latex/tools/shellesc.sty
Package: shellesc 2023/07/08 v1.0d unified shell escape interface for LaTeX
Package shellesc Info: Restricted shell escape enabled on input line 77.
)
\csv@file=\read2
\c@csvinputline=\count364
\c@csvrow=\count365
\c@csvcol=\count366
\csv@out=\write3
) (/usr/local/texlive/2023/texmf-dist/tex/latex/pdflscape/pdflscape.sty
Package: pdflscape 2022-10-27 v0.13 Display of landscape pages in PDF
 (/usr/local/texlive/2023/texmf-dist/tex/latex/pdflscape/pdflscape-nometadata.sty
Package: pdflscape-nometadata 2022-10-28 v0.13 Display of landscape pages in PDF (HO)
 (/usr/local/texlive/2023/texmf-dist/tex/latex/graphics/lscape.sty
Package: lscape 2020/05/28 v3.02 Landscape Pages (DPC)
)
Package pdflscape Info: Auto-detected driver: pdftex on input line 81.
))
\savedwidth=\skip71
 (/usr/local/texlive/2023/texmf-dist/tex/latex/lastpage/lastpage.sty
Package: lastpage 2023/10/14 v2.0e lastpage: 2.09 or 2e? (HMM)
 (/usr/local/texlive/2023/texmf-dist/tex/latex/lastpage/lastpage2e.sty
Package: lastpage2e 2023/10/14 v2.0e Decide which 2e lastpage version to use (HMM)
 (/usr/local/texlive/2023/texmf-dist/tex/latex/lastpage/lastpagemodern.sty
Package: lastpagemodern 2023-10-14 v2.0e Refers to last page's name (HMM; JPG)
\c@lastpagecount=\count367
) 
)) (/usr/local/texlive/2023/texmf-dist/tex/latex/fancyhdr/fancyhdr.sty
Package: fancyhdr 2022/11/09 v4.1 Extensive control of page headers and footers
\f@nch@headwidth=\skip72
\f@nch@O@elh=\skip73
\f@nch@O@erh=\skip74
\f@nch@O@olh=\skip75
\f@nch@O@orh=\skip76
\f@nch@O@elf=\skip77
\f@nch@O@erf=\skip78
\f@nch@O@olf=\skip79
\f@nch@O@orf=\skip80
) (/usr/local/texlive/2023/texmf-dist/tex/latex/epstopdf-pkg/epstopdf.sty
Package: epstopdf 2020-01-24 v2.11 Conversion with epstopdf on the fly (HO)
 (/usr/local/texlive/2023/texmf-dist/tex/latex/grfext/grfext.sty
Package: grfext 2019/12/03 v1.3 Manage graphics extensions (HO)
) (/usr/local/texlive/2023/texmf-dist/tex/latex/epstopdf-pkg/epstopdf-base.sty
Package: epstopdf-base 2020-01-24 v2.11 Base part for package epstopdf
Package epstopdf-base Info: Redefining graphics rule for `.eps' on input line 485.
Package grfext Info: Graphics extension search list:
(grfext)             [.pdf,.png,.jpg,.mps,.jpeg,.jbig2,.jb2,.PDF,.PNG,.JPG,.JPEG,.JBIG2,.JB2,.eps]
(grfext)             \AppendGraphicsExtensions on input line 504.
 (/usr/local/texlive/2023/texmf-dist/tex/latex/latexconfig/epstopdf-sys.cfg
File: epstopdf-sys.cfg 2010/07/13 v1.3 Configuration of (r)epstopdf for TeX Live
)))
Package translations Info: No language package found. I am going to use `english' as default language. on input line 186.
 (./final_report.aux)
\openout1 = `final_report.aux'.

LaTeX Font Info:    Checking defaults for OML/cmm/m/it on input line 186.
LaTeX Font Info:    ... okay on input line 186.
LaTeX Font Info:    Checking defaults for OMS/cmsy/m/n on input line 186.
LaTeX Font Info:    ... okay on input line 186.
LaTeX Font Info:    Checking defaults for OT1/cmr/m/n on input line 186.
LaTeX Font Info:    ... okay on input line 186.
LaTeX Font Info:    Checking defaults for T1/cmr/m/n on input line 186.
LaTeX Font Info:    ... okay on input line 186.
LaTeX Font Info:    Checking defaults for TS1/cmr/m/n on input line 186.
LaTeX Font Info:    ... okay on input line 186.
LaTeX Font Info:    Checking defaults for OMX/cmex/m/n on input line 186.
LaTeX Font Info:    ... okay on input line 186.
LaTeX Font Info:    Checking defaults for U/cmr/m/n on input line 186.
LaTeX Font Info:    ... okay on input line 186.
LaTeX Font Info:    Checking defaults for PD1/pdf/m/n on input line 186.
LaTeX Font Info:    ... okay on input line 186.
LaTeX Font Info:    Checking defaults for PU/pdf/m/n on input line 186.
LaTeX Font Info:    ... okay on input line 186.

*geometry* driver: auto-detecting
*geometry* detected driver: pdftex
*geometry* verbose mode - [ preamble ] result:
* driver: pdftex
* paper: letterpaper
* layout: <same size as paper>
* layoutoffset:(h,v)=(0.0pt,0.0pt)
* modes: 
* h-part:(L,W,R)=(198.7425pt, 323.40732pt, 92.14519pt)
* v-part:(T,H,B)=(61.42993pt, 638.14268pt, 95.39737pt)
* \paperwidth=614.295pt
* \paperheight=794.96999pt
* \textwidth=379.4175pt
* \textheight=632.36249pt
* \oddsidemargin=126.4725pt
* \evensidemargin=126.4725pt
* \topmargin=-47.84006pt
* \headheight=12.0pt
* \headsep=25.0pt
* \topskip=10.0pt
* \footskip=54.2025pt
* \marginparwidth=65.0pt
* \marginparsep=11.0pt
* \columnsep=10.0pt
* \skip\footins=9.0pt plus 4.0pt minus 2.0pt
* \hoffset=0.0pt
* \voffset=0.0pt
* \mag=1000
* \@twocolumnfalse
* \@twosidefalse
* \@mparswitchfalse
* \@reversemarginfalse
* (1in=72.27pt=25.4mm, 1cm=28.453pt)

Package hyperref Info: Link coloring OFF on input line 186.
(./final_report.out) (./final_report.out)
\@outlinefile=\write4
\openout4 = `final_report.out'.

LaTeX Info: Redefining \microtypecontext on input line 186.
Package microtype Info: Applying patch `item' on input line 186.
Package microtype Info: Applying patch `toc' on input line 186.
Package microtype Info: Applying patch `footnote' on input line 186.
Package microtype Info: Applying patch `verbatim' on input line 186.
Package microtype Info: Generating PDF output.
Package microtype Info: Character protrusion enabled (level 2).
Package microtype Info: Using default protrusion set `alltext'.
Package microtype Info: Automatic font expansion enabled (level 2),
(microtype)             stretch: 20, shrink: 20, step: 1, non-selected.
Package microtype Info: Using default expansion set `alltext-nott'.
LaTeX Info: Redefining \showhyphens on input line 186.
Package microtype Info: No adjustment of tracking.
Package microtype Info: No adjustment of interword spacing.
Package microtype Info: No adjustment of character kerning.
 (/usr/local/texlive/2023/texmf-dist/tex/latex/microtype/mt-cmr.cfg
File: mt-cmr.cfg 2013/05/19 v2.2 microtype config. file: Computer Modern Roman (RS)
) (/usr/local/texlive/2023/texmf-dist/tex/context/base/mkii/supp-pdf.mkii
[Loading MPS to PDF converter (version 2006.09.02).]
\scratchcounter=\count368
\scratchdimen=\dimen326
\scratchbox=\box102
\nofMPsegments=\count369
\nofMParguments=\count370
\everyMPshowfont=\toks39
\MPscratchCnt=\count371
\MPscratchDim=\dimen327
\MPnumerator=\count372
\makeMPintoPDFobject=\count373
\everyMPtoPDFconversion=\toks40
)
Package caption Info: Begin \AtBeginDocument code.
Package caption Info: subfig package v1.3 is loaded.
Package caption Info: longtable package is loaded.
 (/usr/local/texlive/2023/texmf-dist/tex/latex/caption/ltcaption.sty
Package: ltcaption 2021/01/08 v1.4c longtable captions (AR)
)
Package caption Info: End \AtBeginDocument code.
 (/usr/local/texlive/2023/texmf-dist/tex/latex/ninecolors/ninecolors.sty
Package: ninecolors 2022-02-13 v2022D Select colors with proper color contrast
 (/usr/local/texlive/2023/texmf-dist/tex/latex/l3packages/xparse/xparse.sty
Package: xparse 2023-10-10 L3 Experimental document command parser
)) (/usr/local/texlive/2023/texmf-dist/tex/latex/translations/translations-basic-dictionary-english.trsl
File: translations-basic-dictionary-english.trsl (english translation file `translations-basic-dictionary')
)
Package translations Info: loading dictionary `translations-basic-dictionary' for `english'. on input line 186.
LaTeX Font Info:    Trying to load font information for U+msa on input line 197.
 (/usr/local/texlive/2023/texmf-dist/tex/latex/amsfonts/umsa.fd
File: umsa.fd 2013/01/14 v3.01 AMS symbols A
) (/usr/local/texlive/2023/texmf-dist/tex/latex/microtype/mt-msa.cfg
File: mt-msa.cfg 2006/02/04 v1.1 microtype config. file: AMS symbols (a) (RS)
)
LaTeX Font Info:    Trying to load font information for U+msb on input line 197.
 (/usr/local/texlive/2023/texmf-dist/tex/latex/amsfonts/umsb.fd
File: umsb.fd 2013/01/14 v3.01 AMS symbols B
) (/usr/local/texlive/2023/texmf-dist/tex/latex/microtype/mt-msb.cfg
File: mt-msb.cfg 2005/06/01 v1.0 microtype config. file: AMS symbols (b) (RS)
)
LaTeX Font Info:    Trying to load font information for U+mvs on input line 197.
 (/usr/local/texlive/2023/texmf-dist/tex/latex/marvosym/umvs.fd) (/usr/local/texlive/2023/texmf-dist/tex/latex/microtype/mt-mvs.cfg
File: mt-mvs.cfg 2006/07/05 v1.1 microtype config. file: Marvosym Euro (RS)
)
Package microtype Info: Loading generic protrusion settings for font family
(microtype)             `cmss' (encoding: OT1).
(microtype)             For optimal results, create family-specific settings.
(microtype)             See the microtype manual for details.
 (./sections/methods/cohort.tex [1

{/usr/local/texlive/2023/texmf-var/fonts/map/pdftex/updmap/pdftex.map}{/usr/local/texlive/2023/texmf-dist/fonts/enc/dvips/cm-super/cm-super-ts1.enc}]

pdfTeX warning: pdflatex (file ./images/cohort_flowhart.pdf): PDF inclusion: found PDF version <1.7>, but at most version <1.5> allowed
<images/cohort_flowhart.pdf, id=30, 1071.49002pt x 1207.93483pt>
File: images/cohort_flowhart.pdf Graphic file (type pdf)
<use images/cohort_flowhart.pdf>
Package pdftex.def Info: images/cohort_flowhart.pdf  used on input line 49.
(pdftex.def)             Requested size: 379.4175pt x 427.72319pt.
) (./sections/methods/feature_extraction.tex [2] [3 <./images/cohort_flowhart.pdf>]
Package microtype Info: Loading generic protrusion settings for font family
(microtype)             `cmtt' (encoding: OT1).
(microtype)             For optimal results, create family-specific settings.
(microtype)             See the microtype manual for details.
> Step: init table outer spec.
> Step: parse table options.
> Step: split table.
> Step: init table inner spec.
> Step: parse table inner spec.
> Step: execute table commands.
> Step: calculate cell and line sizes.
> Step: build the whole table.


LaTeX Warning: `h' float specifier changed to `ht'.

) (./sections/methods/mri_preprocessing.tex [4]) [5] [6]
*geometry* verbose mode - [ newgeometry ] result:
* driver: pdftex
* paper: letterpaper
* layout: <same size as paper>
* layoutoffset:(h,v)=(0.0pt,0.0pt)
* modes: 
* h-part:(L,W,R)=(99.58464pt, 472.03123pt, 42.67912pt)
* v-part:(T,H,B)=(28.45274pt, 709.61174pt, 56.9055pt)
* \paperwidth=614.295pt
* \paperheight=794.96999pt
* \textwidth=472.03123pt
* \textheight=709.61174pt
* \oddsidemargin=27.31465pt
* \evensidemargin=27.31465pt
* \topmargin=-80.81725pt
* \headheight=12.0pt
* \headsep=25.0pt
* \topskip=10.0pt
* \footskip=54.2025pt
* \marginparwidth=65.0pt
* \marginparsep=11.0pt
* \columnsep=10.0pt
* \skip\footins=9.0pt plus 4.0pt minus 2.0pt
* \hoffset=0.0pt
* \voffset=0.0pt
* \mag=1000
* \@twocolumnfalse
* \@twosidefalse
* \@mparswitchfalse
* \@reversemarginfalse
* (1in=72.27pt=25.4mm, 1cm=28.453pt)



Package caption Warning: The option `hypcap=true' will be ignored for this
(caption)                particular \caption on input line 312.
See the caption package documentation for explanation.

> Step: init table outer spec.
> Step: parse table options.
> Step: split table.
> Step: init table inner spec.
> Step: parse table inner spec.
> Step: execute table commands.
> Step: calculate cell and line sizes.

Package siunitx Info: Option "separate-uncertainty" has been deprecated in
(siunitx)             this release.
(siunitx)             
(siunitx)             Use "uncertainty-mode = separate" as a replacement.


Underfull \hbox (badness 10000) in paragraph at lines 331--331
[]$\OT1/cmr/m/n/10 (+20) 60\OML/cmm/m/it/10 :\OT1/cmr/m/n/10 (+20) 6 \OMS/cmsy/m/n/10 ^^F
 []


Underfull \hbox (badness 10000) in paragraph at lines 331--331
[]$\OT1/cmr/m/n/10 (+20) 61\OML/cmm/m/it/10 :\OT1/cmr/m/n/10 (+20) 4 \OMS/cmsy/m/n/10 ^^F
 []


Underfull \hbox (badness 10000) in paragraph at lines 331--331
[]$\OT1/cmr/m/n/10 (+20) 60\OML/cmm/m/it/10 :\OT1/cmr/m/n/10 (+20) 5 \OMS/cmsy/m/n/10 ^^F
 []


Underfull \hbox (badness 10000) in paragraph at lines 331--331
[]$\OT1/cmr/m/n/10 (+20) 62\OML/cmm/m/it/10 :\OT1/cmr/m/n/10 (+20) 0 \OMS/cmsy/m/n/10 ^^F
 []


Underfull \hbox (badness 10000) in paragraph at lines 331--331
[]$\OT1/cmr/m/n/10 (+20) 60\OML/cmm/m/it/10 :\OT1/cmr/m/n/10 (+20) 3 \OMS/cmsy/m/n/10 ^^F
 []


Underfull \hbox (badness 10000) in paragraph at lines 331--331
[]$\OT1/cmr/m/n/10 (+20) 62\OML/cmm/m/it/10 :\OT1/cmr/m/n/10 (+20) 9 \OMS/cmsy/m/n/10 ^^F
 []


Underfull \hbox (badness 10000) in paragraph at lines 331--331
[]$\OT1/cmr/m/n/10 (+20) 62\OML/cmm/m/it/10 :\OT1/cmr/m/n/10 (+20) 1 \OMS/cmsy/m/n/10 ^^F
 []


Underfull \hbox (badness 10000) in paragraph at lines 331--331
[]$\OT1/cmr/m/n/10 (+20) 62\OML/cmm/m/it/10 :\OT1/cmr/m/n/10 (+20) 7 \OMS/cmsy/m/n/10 ^^F
 []


Underfull \hbox (badness 10000) in paragraph at lines 331--331
[]$\OT1/cmr/m/n/10 (+20) 59\OML/cmm/m/it/10 :\OT1/cmr/m/n/10 (+20) 0 \OMS/cmsy/m/n/10 ^^F
 []


Underfull \hbox (badness 10000) in paragraph at lines 331--331
[]$\OT1/cmr/m/n/10 (+20) 63\OML/cmm/m/it/10 :\OT1/cmr/m/n/10 (+20) 9 \OMS/cmsy/m/n/10 ^^F
 []


Underfull \hbox (badness 10000) in paragraph at lines 331--331
[]$\OT1/cmr/m/n/10 (+20) 63\OML/cmm/m/it/10 :\OT1/cmr/m/n/10 (+20) 0 \OMS/cmsy/m/n/10 ^^F
 []


Underfull \hbox (badness 10000) in paragraph at lines 331--331
[]$\OT1/cmr/m/n/10 (+20) 62\OML/cmm/m/it/10 :\OT1/cmr/m/n/10 (+20) 9 \OMS/cmsy/m/n/10 ^^F
 []


Underfull \hbox (badness 10000) in paragraph at lines 331--331
[]$\OT1/cmr/m/n/10 (+20) 60\OML/cmm/m/it/10 :\OT1/cmr/m/n/10 (+20) 1 \OMS/cmsy/m/n/10 ^^F
 []


Underfull \hbox (badness 10000) in paragraph at lines 331--331
[]$\OT1/cmr/m/n/10 (+20) 62\OML/cmm/m/it/10 :\OT1/cmr/m/n/10 (+20) 3 \OMS/cmsy/m/n/10 ^^F
 []


Underfull \hbox (badness 10000) in paragraph at lines 331--331
[]$\OT1/cmr/m/n/10 (+20) 60\OML/cmm/m/it/10 :\OT1/cmr/m/n/10 (+20) 6 \OMS/cmsy/m/n/10 ^^F
 []


Underfull \hbox (badness 10000) in paragraph at lines 331--331
[]$\OT1/cmr/m/n/10 (+20) 61\OML/cmm/m/it/10 :\OT1/cmr/m/n/10 (+20) 4 \OMS/cmsy/m/n/10 ^^F
 []


Underfull \hbox (badness 10000) in paragraph at lines 331--331
[]$\OT1/cmr/m/n/10 (+20) 60\OML/cmm/m/it/10 :\OT1/cmr/m/n/10 (+20) 5 \OMS/cmsy/m/n/10 ^^F
 []


Underfull \hbox (badness 10000) in paragraph at lines 331--331
[]$\OT1/cmr/m/n/10 (+20) 62\OML/cmm/m/it/10 :\OT1/cmr/m/n/10 (+20) 0 \OMS/cmsy/m/n/10 ^^F
 []


Underfull \hbox (badness 10000) in paragraph at lines 331--331
[]$\OT1/cmr/m/n/10 (+20) 60\OML/cmm/m/it/10 :\OT1/cmr/m/n/10 (+20) 3 \OMS/cmsy/m/n/10 ^^F
 []


Underfull \hbox (badness 10000) in paragraph at lines 331--331
[]$\OT1/cmr/m/n/10 (+20) 62\OML/cmm/m/it/10 :\OT1/cmr/m/n/10 (+20) 9 \OMS/cmsy/m/n/10 ^^F
 []


Underfull \hbox (badness 10000) in paragraph at lines 331--331
[]$\OT1/cmr/m/n/10 (+20) 62\OML/cmm/m/it/10 :\OT1/cmr/m/n/10 (+20) 1 \OMS/cmsy/m/n/10 ^^F
 []


Underfull \hbox (badness 10000) in paragraph at lines 331--331
[]$\OT1/cmr/m/n/10 (+20) 62\OML/cmm/m/it/10 :\OT1/cmr/m/n/10 (+20) 7 \OMS/cmsy/m/n/10 ^^F
 []


Underfull \hbox (badness 10000) in paragraph at lines 331--331
[]$\OT1/cmr/m/n/10 (+20) 59\OML/cmm/m/it/10 :\OT1/cmr/m/n/10 (+20) 0 \OMS/cmsy/m/n/10 ^^F
 []


Underfull \hbox (badness 10000) in paragraph at lines 331--331
[]$\OT1/cmr/m/n/10 (+20) 63\OML/cmm/m/it/10 :\OT1/cmr/m/n/10 (+20) 9 \OMS/cmsy/m/n/10 ^^F
 []


Underfull \hbox (badness 10000) in paragraph at lines 331--331
[]$\OT1/cmr/m/n/10 (+20) 63\OML/cmm/m/it/10 :\OT1/cmr/m/n/10 (+20) 0 \OMS/cmsy/m/n/10 ^^F
 []


Underfull \hbox (badness 10000) in paragraph at lines 331--331
[]$\OT1/cmr/m/n/10 (+20) 62\OML/cmm/m/it/10 :\OT1/cmr/m/n/10 (+20) 9 \OMS/cmsy/m/n/10 ^^F
 []


Underfull \hbox (badness 10000) in paragraph at lines 331--331
[]$\OT1/cmr/m/n/10 (+20) 60\OML/cmm/m/it/10 :\OT1/cmr/m/n/10 (+20) 1 \OMS/cmsy/m/n/10 ^^F
 []


Underfull \hbox (badness 10000) in paragraph at lines 331--331
[]$\OT1/cmr/m/n/10 (+20) 62\OML/cmm/m/it/10 :\OT1/cmr/m/n/10 (+20) 3 \OMS/cmsy/m/n/10 ^^F
 []

> Step: build the whole table.

Underfull \hbox (badness 10000) in paragraph at lines 331--331
[]$\OT1/cmr/m/n/10 (+20) 60\OML/cmm/m/it/10 :\OT1/cmr/m/n/10 (+20) 6 \OMS/cmsy/m/n/10 ^^F
 []


Underfull \hbox (badness 10000) in paragraph at lines 331--331
[]$\OT1/cmr/m/n/10 (+20) 61\OML/cmm/m/it/10 :\OT1/cmr/m/n/10 (+20) 4 \OMS/cmsy/m/n/10 ^^F
 []


Underfull \hbox (badness 10000) in paragraph at lines 331--331
[]$\OT1/cmr/m/n/10 (+20) 60\OML/cmm/m/it/10 :\OT1/cmr/m/n/10 (+20) 5 \OMS/cmsy/m/n/10 ^^F
 []


Underfull \hbox (badness 10000) in paragraph at lines 331--331
[]$\OT1/cmr/m/n/10 (+20) 62\OML/cmm/m/it/10 :\OT1/cmr/m/n/10 (+20) 0 \OMS/cmsy/m/n/10 ^^F
 []


Underfull \hbox (badness 10000) in paragraph at lines 331--331
[]$\OT1/cmr/m/n/10 (+20) 60\OML/cmm/m/it/10 :\OT1/cmr/m/n/10 (+20) 3 \OMS/cmsy/m/n/10 ^^F
 []


Underfull \hbox (badness 10000) in paragraph at lines 331--331
[]$\OT1/cmr/m/n/10 (+20) 62\OML/cmm/m/it/10 :\OT1/cmr/m/n/10 (+20) 9 \OMS/cmsy/m/n/10 ^^F
 []


Underfull \hbox (badness 10000) in paragraph at lines 331--331
[]$\OT1/cmr/m/n/10 (+20) 62\OML/cmm/m/it/10 :\OT1/cmr/m/n/10 (+20) 1 \OMS/cmsy/m/n/10 ^^F
 []


Underfull \hbox (badness 10000) in paragraph at lines 331--331
[]$\OT1/cmr/m/n/10 (+20) 62\OML/cmm/m/it/10 :\OT1/cmr/m/n/10 (+20) 7 \OMS/cmsy/m/n/10 ^^F
 []


Underfull \hbox (badness 10000) in paragraph at lines 331--331
[]$\OT1/cmr/m/n/10 (+20) 59\OML/cmm/m/it/10 :\OT1/cmr/m/n/10 (+20) 0 \OMS/cmsy/m/n/10 ^^F
 []


Underfull \hbox (badness 10000) in paragraph at lines 331--331
[]$\OT1/cmr/m/n/10 (+20) 63\OML/cmm/m/it/10 :\OT1/cmr/m/n/10 (+20) 9 \OMS/cmsy/m/n/10 ^^F
 []


Underfull \hbox (badness 10000) in paragraph at lines 331--331
[]$\OT1/cmr/m/n/10 (+20) 63\OML/cmm/m/it/10 :\OT1/cmr/m/n/10 (+20) 0 \OMS/cmsy/m/n/10 ^^F
 []


Underfull \hbox (badness 10000) in paragraph at lines 331--331
[]$\OT1/cmr/m/n/10 (+20) 62\OML/cmm/m/it/10 :\OT1/cmr/m/n/10 (+20) 9 \OMS/cmsy/m/n/10 ^^F
 []


Underfull \hbox (badness 10000) in paragraph at lines 331--331
[]$\OT1/cmr/m/n/10 (+20) 60\OML/cmm/m/it/10 :\OT1/cmr/m/n/10 (+20) 1 \OMS/cmsy/m/n/10 ^^F
 []


Underfull \hbox (badness 10000) in paragraph at lines 331--331
[]$\OT1/cmr/m/n/10 (+20) 62\OML/cmm/m/it/10 :\OT1/cmr/m/n/10 (+20) 3 \OMS/cmsy/m/n/10 ^^F
 []

[7


]
*geometry* verbose mode - [ newgeometry ] result:
* driver: pdftex
* paper: letterpaper
* layout: <same size as paper>
* layoutoffset:(h,v)=(0.0pt,0.0pt)
* modes: 
* h-part:(L,W,R)=(56.9055pt, 500.484pt, 56.9055pt)
* v-part:(T,H,B)=(28.45274pt, 709.61174pt, 56.9055pt)
* \paperwidth=614.295pt
* \paperheight=794.96999pt
* \textwidth=500.484pt
* \textheight=709.61174pt
* \oddsidemargin=-15.36449pt
* \evensidemargin=-15.36449pt
* \topmargin=-80.81725pt
* \headheight=12.0pt
* \headsep=25.0pt
* \topskip=10.0pt
* \footskip=54.2025pt
* \marginparwidth=65.0pt
* \marginparsep=11.0pt
* \columnsep=10.0pt
* \skip\footins=9.0pt plus 4.0pt minus 2.0pt
* \hoffset=0.0pt
* \voffset=0.0pt
* \mag=1000
* \@twocolumnfalse
* \@twosidefalse
* \@mparswitchfalse
* \@reversemarginfalse
* (1in=72.27pt=25.4mm, 1cm=28.453pt)

 [8




] (./final_report.bbl) [9


] 
enddocument/afterlastpage: lastpage setting LastPage.
(./final_report.aux)
 ***********
LaTeX2e <2023-11-01>
L3 programming layer <2024-01-04>
 ***********
Package rerunfilecheck Info: File `final_report.out' has not changed.
(rerunfilecheck)             Checksum: D41D8CD98F00B204E9800998ECF8427E;0.
 ) 
Here is how much of TeX's memory you used:
 25296 strings out of 474166
 508544 string characters out of 5745489
 2006525 words of memory out of 5000000
 47105 multiletter control sequences out of 15000+600000
 573073 words of font info for 117 fonts, out of 8000000 for 9000
 1141 hyphenation exceptions out of 8191
 86i,11n,133p,1062b,1213s stack positions out of 10000i,1000n,20000p,200000b,200000s
</usr/local/texlive/2023/texmf-dist/fonts/type1/public/amsfonts/cm/cmbx10.pfb></usr/local/texlive/2023/texmf-dist/fonts/type1/public/amsfonts/cm/cmbx12.pfb></usr/local/texlive/2023/texmf-dist/fonts/type1/public/amsfonts/cm/cmbx8.pfb></usr/local/texlive/2023/texmf-dist/fonts/type1/public/amsfonts/cm/cmmi10.pfb></usr/local/texlive/2023/texmf-dist/fonts/type1/public/amsfonts/cm/cmr10.pfb></usr/local/texlive/2023/texmf-dist/fonts/type1/public/amsfonts/cm/cmr12.pfb></usr/local/texlive/2023/texmf-dist/fonts/type1/public/amsfonts/cm/cmr7.pfb></usr/local/texlive/2023/texmf-dist/fonts/type1/public/amsfonts/cm/cmr8.pfb></usr/local/texlive/2023/texmf-dist/fonts/type1/public/amsfonts/cm/cmss8.pfb></usr/local/texlive/2023/texmf-dist/fonts/type1/public/amsfonts/cm/cmsy10.pfb></usr/local/texlive/2023/texmf-dist/fonts/type1/public/amsfonts/cm/cmsy8.pfb></usr/local/texlive/2023/texmf-dist/fonts/type1/public/amsfonts/cm/cmtt10.pfb></usr/local/texlive/2023/texmf-dist/fonts/type1/public/marvosym/marvosym.pfb></usr/local/texlive/2023/texmf-dist/fonts/type1/public/cm-super/sfrm0700.pfb></usr/local/texlive/2023/texmf-dist/fonts/type1/public/cm-super/sfrm1000.pfb>
Output written on final_report.pdf (9 pages, 272288 bytes).
PDF statistics:
 293 PDF objects out of 1000 (max. 8388607)
 176 compressed objects within 2 object streams
 44 named destinations out of 1000 (max. 500000)
 29190 words of extra memory for PDF output out of 29859 (max. 10000000)

